2024-07-15 10:16:15,338 CRIT Supervisor is running as root.  Privileges were not dropped because no user is specified in the config file.  If you intend to run as root, you can set user=root in the config file to avoid this message.
2024-07-15 10:16:15,343 INFO supervisord started with pid 1
2024-07-15 10:16:16,359 INFO spawned: 'nginx' with pid 6
2024-07-15 10:16:16,362 INFO spawned: 'php-fpm' with pid 7
2024-07-15 10:16:17,389 INFO success: nginx entered RUNNING state, process has stayed up for > than 1 seconds (startsecs)
2024-07-15 10:16:17,389 INFO success: php-fpm entered RUNNING state, process has stayed up for > than 1 seconds (startsecs)
2024-07-15 10:18:31,578 WARN received SIGQUIT indicating exit request
2024-07-15 10:18:31,579 INFO waiting for nginx, php-fpm to die
2024-07-15 10:18:32,601 INFO stopped: php-fpm (exit status 0)
2024-07-15 10:18:32,609 INFO stopped: nginx (exit status 0)
2024-07-15 10:31:01,765 CRIT Supervisor is running as root.  Privileges were not dropped because no user is specified in the config file.  If you intend to run as root, you can set user=root in the config file to avoid this message.
2024-07-15 10:31:01,766 INFO supervisord started with pid 1
2024-07-15 10:31:02,768 INFO spawned: 'laravel' with pid 7
2024-07-15 10:31:02,770 INFO spawned: 'nginx' with pid 8
2024-07-15 10:31:02,771 INFO spawned: 'php-fpm' with pid 9
2024-07-15 10:31:02,814 WARN exited: laravel (exit status 255; not expected)
2024-07-15 10:31:03,818 INFO spawned: 'laravel' with pid 20
2024-07-15 10:31:03,819 INFO success: nginx entered RUNNING state, process has stayed up for > than 1 seconds (startsecs)
2024-07-15 10:31:03,819 INFO success: php-fpm entered RUNNING state, process has stayed up for > than 1 seconds (startsecs)
2024-07-15 10:31:03,832 WARN exited: laravel (exit status 255; not expected)
2024-07-15 10:31:05,837 INFO spawned: 'laravel' with pid 21
2024-07-15 10:31:06,849 INFO success: laravel entered RUNNING state, process has stayed up for > than 1 seconds (startsecs)
2024-07-15 10:31:06,850 WARN exited: laravel (exit status 255; not expected)
2024-07-15 10:31:07,876 INFO spawned: 'laravel' with pid 22
2024-07-15 10:31:07,907 WARN exited: laravel (exit status 255; not expected)
2024-07-15 10:31:08,911 INFO spawned: 'laravel' with pid 23
2024-07-15 10:31:08,928 WARN exited: laravel (exit status 255; not expected)
2024-07-15 10:31:10,937 INFO spawned: 'laravel' with pid 24
2024-07-15 10:31:10,982 WARN exited: laravel (exit status 255; not expected)
2024-07-15 10:31:13,990 INFO spawned: 'laravel' with pid 25
2024-07-15 10:31:15,018 INFO success: laravel entered RUNNING state, process has stayed up for > than 1 seconds (startsecs)
2024-07-15 10:31:15,018 WARN exited: laravel (exit status 255; not expected)
2024-07-15 10:31:16,023 INFO spawned: 'laravel' with pid 26
2024-07-15 10:31:17,054 INFO success: laravel entered RUNNING state, process has stayed up for > than 1 seconds (startsecs)
2024-07-15 10:31:17,055 WARN exited: laravel (exit status 255; not expected)
2024-07-15 10:31:18,063 INFO spawned: 'laravel' with pid 27
2024-07-15 10:31:19,084 INFO success: laravel entered RUNNING state, process has stayed up for > than 1 seconds (startsecs)
2024-07-15 10:31:19,085 WARN exited: laravel (exit status 255; not expected)
2024-07-15 10:31:20,094 INFO spawned: 'laravel' with pid 28
2024-07-15 10:31:21,133 INFO success: laravel entered RUNNING state, process has stayed up for > than 1 seconds (startsecs)
2024-07-15 10:31:21,134 WARN exited: laravel (exit status 255; not expected)
2024-07-15 10:31:22,141 INFO spawned: 'laravel' with pid 29
2024-07-15 10:31:23,172 INFO success: laravel entered RUNNING state, process has stayed up for > than 1 seconds (startsecs)
2024-07-15 10:31:23,173 WARN exited: laravel (exit status 255; not expected)
2024-07-15 10:31:24,178 INFO spawned: 'laravel' with pid 30
2024-07-15 10:31:25,205 INFO success: laravel entered RUNNING state, process has stayed up for > than 1 seconds (startsecs)
2024-07-15 10:31:25,206 WARN exited: laravel (exit status 255; not expected)
2024-07-15 10:31:26,213 INFO spawned: 'laravel' with pid 31
2024-07-15 10:31:27,246 INFO success: laravel entered RUNNING state, process has stayed up for > than 1 seconds (startsecs)
2024-07-15 10:31:27,247 WARN exited: laravel (exit status 255; not expected)
2024-07-15 10:31:28,252 INFO spawned: 'laravel' with pid 32
2024-07-15 10:31:28,279 WARN exited: laravel (exit status 255; not expected)
2024-07-15 10:31:29,283 INFO spawned: 'laravel' with pid 33
2024-07-15 10:31:30,314 INFO success: laravel entered RUNNING state, process has stayed up for > than 1 seconds (startsecs)
2024-07-15 10:31:30,315 WARN exited: laravel (exit status 255; not expected)
2024-07-15 10:31:31,320 INFO spawned: 'laravel' with pid 34
2024-07-15 10:31:32,347 INFO success: laravel entered RUNNING state, process has stayed up for > than 1 seconds (startsecs)
2024-07-15 10:31:32,349 WARN exited: laravel (exit status 255; not expected)
2024-07-15 10:31:33,353 INFO spawned: 'laravel' with pid 35
2024-07-15 10:31:33,374 WARN exited: laravel (exit status 255; not expected)
2024-07-15 10:31:34,379 INFO spawned: 'laravel' with pid 36
2024-07-15 10:31:34,413 WARN exited: laravel (exit status 255; not expected)
2024-07-15 10:31:36,421 INFO spawned: 'laravel' with pid 37
2024-07-15 10:31:37,444 INFO success: laravel entered RUNNING state, process has stayed up for > than 1 seconds (startsecs)
2024-07-15 10:31:37,445 WARN exited: laravel (exit status 255; not expected)
2024-07-15 10:31:38,449 INFO spawned: 'laravel' with pid 38
2024-07-15 10:31:38,468 WARN exited: laravel (exit status 255; not expected)
2024-07-15 10:31:39,475 INFO spawned: 'laravel' with pid 39
2024-07-15 10:31:40,504 INFO success: laravel entered RUNNING state, process has stayed up for > than 1 seconds (startsecs)
2024-07-15 10:31:40,505 WARN exited: laravel (exit status 255; not expected)
2024-07-15 10:31:41,509 INFO spawned: 'laravel' with pid 40
2024-07-15 10:31:41,535 WARN exited: laravel (exit status 255; not expected)
2024-07-15 10:31:42,539 INFO spawned: 'laravel' with pid 41
2024-07-15 10:31:43,569 INFO success: laravel entered RUNNING state, process has stayed up for > than 1 seconds (startsecs)
2024-07-15 10:31:43,569 WARN exited: laravel (exit status 255; not expected)
2024-07-15 10:31:44,573 INFO spawned: 'laravel' with pid 42
2024-07-15 10:31:44,583 WARN exited: laravel (exit status 255; not expected)
2024-07-15 10:31:45,588 INFO spawned: 'laravel' with pid 43
2024-07-15 10:31:46,616 INFO success: laravel entered RUNNING state, process has stayed up for > than 1 seconds (startsecs)
2024-07-15 10:31:46,617 WARN exited: laravel (exit status 255; not expected)
2024-07-15 10:31:47,622 INFO spawned: 'laravel' with pid 44
2024-07-15 10:31:47,641 WARN exited: laravel (exit status 255; not expected)
2024-07-15 10:32:24,391 INFO spawned: 'laravel' with pid 45
2024-07-15 10:32:24,417 WARN exited: laravel (exit status 255; not expected)
2024-07-15 10:32:26,425 INFO spawned: 'laravel' with pid 46
2024-07-15 10:32:27,454 INFO success: laravel entered RUNNING state, process has stayed up for > than 1 seconds (startsecs)
2024-07-15 10:32:27,457 WARN exited: laravel (exit status 255; not expected)
2024-07-15 10:32:28,464 INFO spawned: 'laravel' with pid 47
2024-07-15 10:32:28,493 WARN exited: laravel (exit status 255; not expected)
2024-07-15 10:32:29,498 INFO spawned: 'laravel' with pid 48
2024-07-15 10:32:29,525 WARN exited: laravel (exit status 255; not expected)
2024-07-15 10:32:31,535 INFO spawned: 'laravel' with pid 49
2024-07-15 10:32:32,565 INFO success: laravel entered RUNNING state, process has stayed up for > than 1 seconds (startsecs)
2024-07-15 10:32:32,566 WARN exited: laravel (exit status 255; not expected)
2024-07-15 10:32:33,572 INFO spawned: 'laravel' with pid 50
2024-07-15 10:32:34,600 INFO success: laravel entered RUNNING state, process has stayed up for > than 1 seconds (startsecs)
2024-07-15 10:32:34,601 WARN exited: laravel (exit status 255; not expected)
2024-07-15 10:32:35,606 INFO spawned: 'laravel' with pid 51
2024-07-15 10:32:36,633 INFO success: laravel entered RUNNING state, process has stayed up for > than 1 seconds (startsecs)
2024-07-15 10:32:36,634 WARN exited: laravel (exit status 255; not expected)
2024-07-15 10:32:37,638 INFO spawned: 'laravel' with pid 52
2024-07-15 10:32:38,668 INFO success: laravel entered RUNNING state, process has stayed up for > than 1 seconds (startsecs)
2024-07-15 10:32:38,669 WARN exited: laravel (exit status 255; not expected)
2024-07-15 10:32:39,675 INFO spawned: 'laravel' with pid 53
2024-07-15 10:32:40,703 INFO success: laravel entered RUNNING state, process has stayed up for > than 1 seconds (startsecs)
2024-07-15 10:32:40,704 WARN exited: laravel (exit status 255; not expected)
2024-07-15 10:32:41,709 INFO spawned: 'laravel' with pid 54
2024-07-15 10:32:42,737 INFO success: laravel entered RUNNING state, process has stayed up for > than 1 seconds (startsecs)
2024-07-15 10:32:42,738 WARN exited: laravel (exit status 255; not expected)
2024-07-15 10:32:43,742 INFO spawned: 'laravel' with pid 55
2024-07-15 10:32:44,764 INFO success: laravel entered RUNNING state, process has stayed up for > than 1 seconds (startsecs)
2024-07-15 10:32:44,764 WARN exited: laravel (exit status 255; not expected)
2024-07-15 10:32:45,769 INFO spawned: 'laravel' with pid 56
2024-07-15 10:32:46,799 INFO success: laravel entered RUNNING state, process has stayed up for > than 1 seconds (startsecs)
2024-07-15 10:32:46,801 WARN exited: laravel (exit status 255; not expected)
2024-07-15 10:32:47,807 INFO spawned: 'laravel' with pid 57
2024-07-15 10:32:47,831 WARN exited: laravel (exit status 255; not expected)
2024-07-15 10:32:48,838 INFO spawned: 'laravel' with pid 58
2024-07-15 10:32:49,863 INFO success: laravel entered RUNNING state, process has stayed up for > than 1 seconds (startsecs)
2024-07-15 10:32:49,865 WARN exited: laravel (exit status 255; not expected)
2024-07-15 10:32:50,876 INFO spawned: 'laravel' with pid 59
2024-07-15 10:32:51,911 INFO success: laravel entered RUNNING state, process has stayed up for > than 1 seconds (startsecs)
2024-07-15 10:32:51,912 WARN exited: laravel (exit status 255; not expected)
2024-07-15 10:32:52,918 INFO spawned: 'laravel' with pid 60
2024-07-15 10:32:53,941 INFO success: laravel entered RUNNING state, process has stayed up for > than 1 seconds (startsecs)
2024-07-15 10:32:53,942 WARN exited: laravel (exit status 255; not expected)
2024-07-15 10:32:54,948 INFO spawned: 'laravel' with pid 61
2024-07-15 10:32:54,969 WARN exited: laravel (exit status 255; not expected)
2024-07-15 10:32:55,975 INFO spawned: 'laravel' with pid 62
2024-07-15 10:32:56,999 INFO success: laravel entered RUNNING state, process has stayed up for > than 1 seconds (startsecs)
2024-07-15 10:32:57,000 WARN exited: laravel (exit status 255; not expected)
2024-07-15 10:32:58,005 INFO spawned: 'laravel' with pid 63
2024-07-15 10:32:59,027 INFO success: laravel entered RUNNING state, process has stayed up for > than 1 seconds (startsecs)
2024-07-15 10:32:59,028 WARN exited: laravel (exit status 255; not expected)
2024-07-15 10:33:00,035 INFO spawned: 'laravel' with pid 64
2024-07-15 10:33:01,055 INFO success: laravel entered RUNNING state, process has stayed up for > than 1 seconds (startsecs)
2024-07-15 10:33:01,056 WARN exited: laravel (exit status 255; not expected)
2024-07-15 10:33:02,060 INFO spawned: 'laravel' with pid 65
2024-07-15 10:33:03,083 INFO success: laravel entered RUNNING state, process has stayed up for > than 1 seconds (startsecs)
2024-07-15 10:33:03,084 WARN exited: laravel (exit status 255; not expected)
2024-07-15 10:33:04,090 INFO spawned: 'laravel' with pid 66
2024-07-15 10:33:04,111 WARN exited: laravel (exit status 255; not expected)
2024-07-15 10:33:05,117 INFO spawned: 'laravel' with pid 67
2024-07-15 10:33:05,140 WARN exited: laravel (exit status 255; not expected)
2024-07-15 10:33:07,147 INFO spawned: 'laravel' with pid 68
2024-07-15 10:33:07,166 WARN exited: laravel (exit status 255; not expected)
2024-07-15 10:33:10,178 INFO spawned: 'laravel' with pid 69
2024-07-15 10:33:11,201 INFO success: laravel entered RUNNING state, process has stayed up for > than 1 seconds (startsecs)
2024-07-15 10:33:11,203 WARN exited: laravel (exit status 255; not expected)
2024-07-15 10:33:12,208 INFO spawned: 'laravel' with pid 70
2024-07-15 10:33:13,229 INFO success: laravel entered RUNNING state, process has stayed up for > than 1 seconds (startsecs)
2024-07-15 10:33:13,230 WARN exited: laravel (exit status 255; not expected)
2024-07-15 10:33:14,237 INFO spawned: 'laravel' with pid 71
2024-07-15 10:33:15,258 INFO success: laravel entered RUNNING state, process has stayed up for > than 1 seconds (startsecs)
2024-07-15 10:33:15,259 WARN exited: laravel (exit status 255; not expected)
2024-07-15 10:33:16,264 INFO spawned: 'laravel' with pid 72
2024-07-15 10:33:17,284 INFO success: laravel entered RUNNING state, process has stayed up for > than 1 seconds (startsecs)
2024-07-15 10:33:17,285 WARN exited: laravel (exit status 255; not expected)
2024-07-15 10:33:18,289 INFO spawned: 'laravel' with pid 73
2024-07-15 10:33:19,317 INFO success: laravel entered RUNNING state, process has stayed up for > than 1 seconds (startsecs)
2024-07-15 10:33:19,318 WARN exited: laravel (exit status 255; not expected)
2024-07-15 10:33:20,323 INFO spawned: 'laravel' with pid 74
2024-07-15 10:33:21,346 INFO success: laravel entered RUNNING state, process has stayed up for > than 1 seconds (startsecs)
2024-07-15 10:33:21,347 WARN exited: laravel (exit status 255; not expected)
2024-07-15 10:33:22,351 INFO spawned: 'laravel' with pid 75
2024-07-15 10:33:23,370 INFO success: laravel entered RUNNING state, process has stayed up for > than 1 seconds (startsecs)
2024-07-15 10:33:23,372 WARN exited: laravel (exit status 255; not expected)
2024-07-15 10:33:24,377 INFO spawned: 'laravel' with pid 76
2024-07-15 10:33:24,399 WARN exited: laravel (exit status 255; not expected)
2024-07-15 10:33:25,404 INFO spawned: 'laravel' with pid 77
2024-07-15 10:33:26,431 INFO success: laravel entered RUNNING state, process has stayed up for > than 1 seconds (startsecs)
2024-07-15 10:33:26,432 WARN exited: laravel (exit status 255; not expected)
2024-07-15 10:33:27,438 INFO spawned: 'laravel' with pid 78
2024-07-15 10:33:28,466 INFO success: laravel entered RUNNING state, process has stayed up for > than 1 seconds (startsecs)
2024-07-15 10:33:28,467 WARN exited: laravel (exit status 255; not expected)
2024-07-15 10:33:29,473 INFO spawned: 'laravel' with pid 79
2024-07-15 10:33:30,501 INFO success: laravel entered RUNNING state, process has stayed up for > than 1 seconds (startsecs)
2024-07-15 10:33:30,503 WARN exited: laravel (exit status 255; not expected)
2024-07-15 10:33:31,508 INFO spawned: 'laravel' with pid 80
2024-07-15 10:33:32,537 INFO success: laravel entered RUNNING state, process has stayed up for > than 1 seconds (startsecs)
2024-07-15 10:33:32,538 WARN exited: laravel (exit status 255; not expected)
2024-07-15 10:33:33,543 INFO spawned: 'laravel' with pid 81
2024-07-15 10:33:34,572 INFO success: laravel entered RUNNING state, process has stayed up for > than 1 seconds (startsecs)
2024-07-15 10:33:34,573 WARN exited: laravel (exit status 255; not expected)
2024-07-15 10:33:35,578 INFO spawned: 'laravel' with pid 82
2024-07-15 10:33:35,606 WARN exited: laravel (exit status 255; not expected)
2024-07-15 10:33:36,610 INFO spawned: 'laravel' with pid 83
2024-07-15 10:33:37,627 INFO success: laravel entered RUNNING state, process has stayed up for > than 1 seconds (startsecs)
2024-07-15 10:33:37,629 WARN exited: laravel (exit status 255; not expected)
2024-07-15 10:33:38,637 INFO spawned: 'laravel' with pid 84
2024-07-15 10:33:39,666 INFO success: laravel entered RUNNING state, process has stayed up for > than 1 seconds (startsecs)
2024-07-15 10:33:39,667 WARN exited: laravel (exit status 255; not expected)
2024-07-15 10:33:40,674 INFO spawned: 'laravel' with pid 85
2024-07-15 10:33:41,692 INFO success: laravel entered RUNNING state, process has stayed up for > than 1 seconds (startsecs)
2024-07-15 10:33:41,693 WARN exited: laravel (exit status 255; not expected)
2024-07-15 10:33:42,698 INFO spawned: 'laravel' with pid 86
2024-07-15 10:33:42,726 WARN exited: laravel (exit status 255; not expected)
2024-07-15 10:33:43,731 INFO spawned: 'laravel' with pid 87
2024-07-15 10:33:44,761 INFO success: laravel entered RUNNING state, process has stayed up for > than 1 seconds (startsecs)
2024-07-15 10:33:44,763 WARN exited: laravel (exit status 255; not expected)
2024-07-15 10:33:45,770 INFO spawned: 'laravel' with pid 88
2024-07-15 10:33:45,797 WARN exited: laravel (exit status 255; not expected)
2024-07-15 10:33:46,801 INFO spawned: 'laravel' with pid 89
2024-07-15 10:33:47,831 INFO success: laravel entered RUNNING state, process has stayed up for > than 1 seconds (startsecs)
2024-07-15 10:33:47,832 WARN exited: laravel (exit status 255; not expected)
2024-07-15 10:33:48,842 INFO spawned: 'laravel' with pid 90
2024-07-15 10:33:48,861 WARN exited: laravel (exit status 255; not expected)
2024-07-15 10:33:49,865 INFO spawned: 'laravel' with pid 91
2024-07-15 10:33:49,896 WARN exited: laravel (exit status 255; not expected)
2024-07-15 10:33:51,907 INFO spawned: 'laravel' with pid 92
2024-07-15 10:33:51,943 WARN exited: laravel (exit status 255; not expected)
2024-07-15 10:33:54,953 INFO spawned: 'laravel' with pid 93
2024-07-15 10:33:55,986 INFO success: laravel entered RUNNING state, process has stayed up for > than 1 seconds (startsecs)
2024-07-15 10:33:55,987 WARN exited: laravel (exit status 255; not expected)
2024-07-15 10:33:56,993 INFO spawned: 'laravel' with pid 94
2024-07-15 10:33:57,024 WARN exited: laravel (exit status 255; not expected)
2024-07-15 10:33:58,029 INFO spawned: 'laravel' with pid 95
2024-07-15 10:33:59,055 INFO success: laravel entered RUNNING state, process has stayed up for > than 1 seconds (startsecs)
2024-07-15 10:33:59,056 WARN exited: laravel (exit status 255; not expected)
2024-07-15 10:34:00,062 INFO spawned: 'laravel' with pid 96
2024-07-15 10:34:01,093 INFO success: laravel entered RUNNING state, process has stayed up for > than 1 seconds (startsecs)
2024-07-15 10:34:01,094 WARN exited: laravel (exit status 255; not expected)
2024-07-15 10:34:02,099 INFO spawned: 'laravel' with pid 97
2024-07-15 10:34:03,145 INFO success: laravel entered RUNNING state, process has stayed up for > than 1 seconds (startsecs)
2024-07-15 10:34:03,147 WARN exited: laravel (exit status 255; not expected)
2024-07-15 10:34:04,152 INFO spawned: 'laravel' with pid 98
2024-07-15 10:34:04,178 WARN exited: laravel (exit status 255; not expected)
2024-07-15 10:34:05,187 INFO spawned: 'laravel' with pid 99
2024-07-15 10:34:06,211 INFO success: laravel entered RUNNING state, process has stayed up for > than 1 seconds (startsecs)
2024-07-15 10:34:06,212 WARN exited: laravel (exit status 255; not expected)
2024-07-15 10:34:07,217 INFO spawned: 'laravel' with pid 100
2024-07-15 10:34:08,264 INFO success: laravel entered RUNNING state, process has stayed up for > than 1 seconds (startsecs)
2024-07-15 10:34:08,266 WARN exited: laravel (exit status 255; not expected)
2024-07-15 10:34:09,271 INFO spawned: 'laravel' with pid 101
2024-07-15 10:34:09,286 WARN exited: laravel (exit status 255; not expected)
2024-07-15 10:34:10,291 INFO spawned: 'laravel' with pid 102
2024-07-15 10:34:11,318 INFO success: laravel entered RUNNING state, process has stayed up for > than 1 seconds (startsecs)
2024-07-15 10:34:11,319 WARN exited: laravel (exit status 255; not expected)
2024-07-15 10:34:12,325 INFO spawned: 'laravel' with pid 103
2024-07-15 10:34:13,355 INFO success: laravel entered RUNNING state, process has stayed up for > than 1 seconds (startsecs)
2024-07-15 10:34:13,356 WARN exited: laravel (exit status 255; not expected)
2024-07-15 10:34:14,363 INFO spawned: 'laravel' with pid 104
2024-07-15 10:34:15,392 INFO success: laravel entered RUNNING state, process has stayed up for > than 1 seconds (startsecs)
2024-07-15 10:34:15,393 WARN exited: laravel (exit status 255; not expected)
2024-07-15 10:34:16,399 INFO spawned: 'laravel' with pid 105
2024-07-15 10:34:17,421 INFO success: laravel entered RUNNING state, process has stayed up for > than 1 seconds (startsecs)
2024-07-15 10:34:17,422 WARN exited: laravel (exit status 255; not expected)
2024-07-15 10:34:18,427 INFO spawned: 'laravel' with pid 106
2024-07-15 10:34:19,451 INFO success: laravel entered RUNNING state, process has stayed up for > than 1 seconds (startsecs)
2024-07-15 10:34:19,453 WARN exited: laravel (exit status 255; not expected)
2024-07-15 10:34:20,459 INFO spawned: 'laravel' with pid 107
2024-07-15 10:34:21,482 INFO success: laravel entered RUNNING state, process has stayed up for > than 1 seconds (startsecs)
2024-07-15 10:34:21,483 WARN exited: laravel (exit status 255; not expected)
2024-07-15 10:34:22,488 INFO spawned: 'laravel' with pid 108
2024-07-15 10:34:23,516 INFO success: laravel entered RUNNING state, process has stayed up for > than 1 seconds (startsecs)
2024-07-15 10:34:23,518 WARN exited: laravel (exit status 255; not expected)
2024-07-15 10:34:24,522 INFO spawned: 'laravel' with pid 109
2024-07-15 10:34:25,547 INFO success: laravel entered RUNNING state, process has stayed up for > than 1 seconds (startsecs)
2024-07-15 10:34:25,548 WARN exited: laravel (exit status 255; not expected)
2024-07-15 10:34:26,552 INFO spawned: 'laravel' with pid 110
2024-07-15 10:34:27,573 INFO success: laravel entered RUNNING state, process has stayed up for > than 1 seconds (startsecs)
2024-07-15 10:34:27,574 WARN exited: laravel (exit status 255; not expected)
2024-07-15 10:34:28,580 INFO spawned: 'laravel' with pid 111
2024-07-15 10:34:29,615 INFO success: laravel entered RUNNING state, process has stayed up for > than 1 seconds (startsecs)
2024-07-15 10:34:29,616 WARN exited: laravel (exit status 255; not expected)
2024-07-15 10:34:30,622 INFO spawned: 'laravel' with pid 112
2024-07-15 10:34:31,651 INFO success: laravel entered RUNNING state, process has stayed up for > than 1 seconds (startsecs)
2024-07-15 10:34:31,652 WARN exited: laravel (exit status 255; not expected)
2024-07-15 10:34:32,659 INFO spawned: 'laravel' with pid 113
2024-07-15 10:34:32,688 WARN exited: laravel (exit status 255; not expected)
2024-07-15 10:34:33,693 INFO spawned: 'laravel' with pid 114
2024-07-15 10:34:34,724 INFO success: laravel entered RUNNING state, process has stayed up for > than 1 seconds (startsecs)
2024-07-15 10:34:34,725 WARN exited: laravel (exit status 255; not expected)
2024-07-15 10:34:35,731 INFO spawned: 'laravel' with pid 115
2024-07-15 10:34:36,760 INFO success: laravel entered RUNNING state, process has stayed up for > than 1 seconds (startsecs)
2024-07-15 10:34:36,761 WARN exited: laravel (exit status 255; not expected)
2024-07-15 10:34:37,765 INFO spawned: 'laravel' with pid 116
2024-07-15 10:34:38,796 INFO success: laravel entered RUNNING state, process has stayed up for > than 1 seconds (startsecs)
2024-07-15 10:34:38,796 WARN exited: laravel (exit status 255; not expected)
2024-07-15 10:34:39,802 INFO spawned: 'laravel' with pid 117
2024-07-15 10:34:40,830 INFO success: laravel entered RUNNING state, process has stayed up for > than 1 seconds (startsecs)
2024-07-15 10:34:40,831 WARN exited: laravel (exit status 255; not expected)
2024-07-15 10:34:41,838 INFO spawned: 'laravel' with pid 118
2024-07-15 10:34:42,866 INFO success: laravel entered RUNNING state, process has stayed up for > than 1 seconds (startsecs)
2024-07-15 10:34:42,867 WARN exited: laravel (exit status 255; not expected)
2024-07-15 10:34:43,873 INFO spawned: 'laravel' with pid 119
2024-07-15 10:34:44,897 INFO success: laravel entered RUNNING state, process has stayed up for > than 1 seconds (startsecs)
2024-07-15 10:34:44,898 WARN exited: laravel (exit status 255; not expected)
2024-07-15 10:34:45,905 INFO spawned: 'laravel' with pid 120
2024-07-15 10:34:46,936 INFO success: laravel entered RUNNING state, process has stayed up for > than 1 seconds (startsecs)
2024-07-15 10:34:46,937 WARN exited: laravel (exit status 255; not expected)
2024-07-15 10:34:47,943 INFO spawned: 'laravel' with pid 121
2024-07-15 10:34:48,975 INFO success: laravel entered RUNNING state, process has stayed up for > than 1 seconds (startsecs)
2024-07-15 10:34:48,977 WARN exited: laravel (exit status 255; not expected)
2024-07-15 10:34:49,985 INFO spawned: 'laravel' with pid 122
2024-07-15 10:34:51,026 INFO success: laravel entered RUNNING state, process has stayed up for > than 1 seconds (startsecs)
2024-07-15 10:34:51,027 WARN exited: laravel (exit status 255; not expected)
2024-07-15 10:34:52,032 INFO spawned: 'laravel' with pid 123
2024-07-15 10:34:53,061 INFO success: laravel entered RUNNING state, process has stayed up for > than 1 seconds (startsecs)
2024-07-15 10:34:53,062 WARN exited: laravel (exit status 255; not expected)
2024-07-15 10:34:54,067 INFO spawned: 'laravel' with pid 124
2024-07-15 10:34:54,095 WARN exited: laravel (exit status 255; not expected)
2024-07-15 10:34:55,099 INFO spawned: 'laravel' with pid 125
2024-07-15 10:34:56,128 INFO success: laravel entered RUNNING state, process has stayed up for > than 1 seconds (startsecs)
2024-07-15 10:34:56,129 WARN exited: laravel (exit status 255; not expected)
2024-07-15 10:34:57,136 INFO spawned: 'laravel' with pid 126
2024-07-15 10:34:57,163 WARN exited: laravel (exit status 255; not expected)
2024-07-15 10:34:58,167 INFO spawned: 'laravel' with pid 127
2024-07-15 10:34:59,195 INFO success: laravel entered RUNNING state, process has stayed up for > than 1 seconds (startsecs)
2024-07-15 10:34:59,196 WARN exited: laravel (exit status 255; not expected)
2024-07-15 10:35:00,201 INFO spawned: 'laravel' with pid 128
2024-07-15 10:35:01,226 INFO success: laravel entered RUNNING state, process has stayed up for > than 1 seconds (startsecs)
2024-07-15 10:35:01,227 WARN exited: laravel (exit status 255; not expected)
2024-07-15 10:35:02,231 INFO spawned: 'laravel' with pid 129
2024-07-15 10:35:03,260 INFO success: laravel entered RUNNING state, process has stayed up for > than 1 seconds (startsecs)
2024-07-15 10:35:03,261 WARN exited: laravel (exit status 255; not expected)
2024-07-15 10:35:04,265 INFO spawned: 'laravel' with pid 130
2024-07-15 10:35:04,293 WARN exited: laravel (exit status 255; not expected)
2024-07-15 10:35:05,297 INFO spawned: 'laravel' with pid 131
2024-07-15 10:35:06,327 INFO success: laravel entered RUNNING state, process has stayed up for > than 1 seconds (startsecs)
2024-07-15 10:35:06,328 WARN exited: laravel (exit status 255; not expected)
2024-07-15 10:35:07,334 INFO spawned: 'laravel' with pid 132
2024-07-15 10:35:08,362 INFO success: laravel entered RUNNING state, process has stayed up for > than 1 seconds (startsecs)
2024-07-15 10:35:08,364 WARN exited: laravel (exit status 255; not expected)
2024-07-15 10:35:09,367 INFO spawned: 'laravel' with pid 133
2024-07-15 10:35:10,391 INFO success: laravel entered RUNNING state, process has stayed up for > than 1 seconds (startsecs)
2024-07-15 10:35:10,392 WARN exited: laravel (exit status 255; not expected)
2024-07-15 10:35:11,397 INFO spawned: 'laravel' with pid 134
2024-07-15 10:35:12,425 INFO success: laravel entered RUNNING state, process has stayed up for > than 1 seconds (startsecs)
2024-07-15 10:35:12,426 WARN exited: laravel (exit status 255; not expected)
2024-07-15 10:35:13,432 INFO spawned: 'laravel' with pid 135
2024-07-15 10:35:13,459 WARN exited: laravel (exit status 255; not expected)
2024-07-15 10:35:14,464 INFO spawned: 'laravel' with pid 136
2024-07-15 10:35:14,486 WARN exited: laravel (exit status 255; not expected)
2024-07-15 10:35:16,493 INFO spawned: 'laravel' with pid 137
2024-07-15 10:35:16,518 WARN exited: laravel (exit status 255; not expected)
2024-07-15 10:35:19,529 INFO spawned: 'laravel' with pid 138
2024-07-15 10:35:20,556 INFO success: laravel entered RUNNING state, process has stayed up for > than 1 seconds (startsecs)
2024-07-15 10:35:20,557 WARN exited: laravel (exit status 255; not expected)
2024-07-15 10:35:21,562 INFO spawned: 'laravel' with pid 139
2024-07-15 10:35:22,587 INFO success: laravel entered RUNNING state, process has stayed up for > than 1 seconds (startsecs)
2024-07-15 10:35:22,588 WARN exited: laravel (exit status 255; not expected)
2024-07-15 10:35:23,591 INFO spawned: 'laravel' with pid 140
2024-07-15 10:35:23,616 WARN exited: laravel (exit status 255; not expected)
2024-07-15 10:35:24,620 INFO spawned: 'laravel' with pid 141
2024-07-15 10:35:25,645 INFO success: laravel entered RUNNING state, process has stayed up for > than 1 seconds (startsecs)
2024-07-15 10:35:25,646 WARN exited: laravel (exit status 255; not expected)
2024-07-15 10:35:26,650 INFO spawned: 'laravel' with pid 142
2024-07-15 10:35:26,670 WARN exited: laravel (exit status 255; not expected)
2024-07-15 10:35:27,675 INFO spawned: 'laravel' with pid 143
2024-07-15 10:35:27,703 WARN exited: laravel (exit status 255; not expected)
2024-07-15 10:35:29,709 INFO spawned: 'laravel' with pid 144
2024-07-15 10:35:30,738 INFO success: laravel entered RUNNING state, process has stayed up for > than 1 seconds (startsecs)
2024-07-15 10:35:30,739 WARN exited: laravel (exit status 255; not expected)
2024-07-15 10:35:31,744 INFO spawned: 'laravel' with pid 145
2024-07-15 10:35:31,770 WARN exited: laravel (exit status 255; not expected)
2024-07-15 10:35:32,774 INFO spawned: 'laravel' with pid 146
2024-07-15 10:35:33,793 INFO success: laravel entered RUNNING state, process has stayed up for > than 1 seconds (startsecs)
2024-07-15 10:35:33,794 WARN exited: laravel (exit status 255; not expected)
2024-07-15 10:35:34,799 INFO spawned: 'laravel' with pid 147
2024-07-15 10:35:34,815 WARN exited: laravel (exit status 255; not expected)
2024-07-15 10:35:35,821 INFO spawned: 'laravel' with pid 148
2024-07-15 10:35:35,839 WARN exited: laravel (exit status 255; not expected)
2024-07-15 10:35:37,846 INFO spawned: 'laravel' with pid 149
2024-07-15 10:35:38,876 INFO success: laravel entered RUNNING state, process has stayed up for > than 1 seconds (startsecs)
2024-07-15 10:35:38,877 WARN exited: laravel (exit status 255; not expected)
2024-07-15 10:35:39,883 INFO spawned: 'laravel' with pid 150
2024-07-15 10:35:40,916 INFO success: laravel entered RUNNING state, process has stayed up for > than 1 seconds (startsecs)
2024-07-15 10:35:40,917 WARN exited: laravel (exit status 255; not expected)
2024-07-15 10:35:41,924 INFO spawned: 'laravel' with pid 151
2024-07-15 10:35:41,953 WARN exited: laravel (exit status 255; not expected)
2024-07-15 10:35:42,959 INFO spawned: 'laravel' with pid 152
2024-07-15 10:35:43,987 INFO success: laravel entered RUNNING state, process has stayed up for > than 1 seconds (startsecs)
2024-07-15 10:35:43,988 WARN exited: laravel (exit status 255; not expected)
2024-07-15 10:35:44,997 INFO spawned: 'laravel' with pid 153
2024-07-15 10:35:45,025 WARN exited: laravel (exit status 255; not expected)
2024-07-15 10:35:46,031 INFO spawned: 'laravel' with pid 154
2024-07-15 10:35:46,059 WARN exited: laravel (exit status 255; not expected)
2024-07-15 10:35:48,066 INFO spawned: 'laravel' with pid 155
2024-07-15 10:35:49,087 INFO success: laravel entered RUNNING state, process has stayed up for > than 1 seconds (startsecs)
2024-07-15 10:35:49,088 WARN exited: laravel (exit status 255; not expected)
2024-07-15 10:35:50,092 INFO spawned: 'laravel' with pid 156
2024-07-15 10:35:50,106 WARN exited: laravel (exit status 255; not expected)
2024-07-15 10:35:51,113 INFO spawned: 'laravel' with pid 157
2024-07-15 10:35:52,148 INFO success: laravel entered RUNNING state, process has stayed up for > than 1 seconds (startsecs)
2024-07-15 10:35:52,150 WARN exited: laravel (exit status 255; not expected)
2024-07-15 10:35:53,156 INFO spawned: 'laravel' with pid 158
2024-07-15 10:35:54,185 INFO success: laravel entered RUNNING state, process has stayed up for > than 1 seconds (startsecs)
2024-07-15 10:35:54,186 WARN exited: laravel (exit status 255; not expected)
2024-07-15 10:35:55,191 INFO spawned: 'laravel' with pid 159
2024-07-15 10:35:56,213 INFO success: laravel entered RUNNING state, process has stayed up for > than 1 seconds (startsecs)
2024-07-15 10:35:56,214 WARN exited: laravel (exit status 255; not expected)
2024-07-15 10:35:57,219 INFO spawned: 'laravel' with pid 160
2024-07-15 10:35:57,247 WARN exited: laravel (exit status 255; not expected)
2024-07-15 10:35:58,253 INFO spawned: 'laravel' with pid 161
2024-07-15 10:35:59,286 INFO success: laravel entered RUNNING state, process has stayed up for > than 1 seconds (startsecs)
2024-07-15 10:35:59,286 WARN exited: laravel (exit status 255; not expected)
2024-07-15 10:36:00,291 INFO spawned: 'laravel' with pid 162
2024-07-15 10:36:00,320 WARN exited: laravel (exit status 255; not expected)
2024-07-15 10:36:01,325 INFO spawned: 'laravel' with pid 163
2024-07-15 10:36:02,358 INFO success: laravel entered RUNNING state, process has stayed up for > than 1 seconds (startsecs)
2024-07-15 10:36:02,359 WARN exited: laravel (exit status 255; not expected)
2024-07-15 10:36:03,363 INFO spawned: 'laravel' with pid 164
2024-07-15 10:36:04,393 INFO success: laravel entered RUNNING state, process has stayed up for > than 1 seconds (startsecs)
2024-07-15 10:36:04,393 WARN exited: laravel (exit status 255; not expected)
2024-07-15 10:36:05,400 INFO spawned: 'laravel' with pid 165
2024-07-15 10:36:06,429 INFO success: laravel entered RUNNING state, process has stayed up for > than 1 seconds (startsecs)
2024-07-15 10:36:06,430 WARN exited: laravel (exit status 255; not expected)
2024-07-15 10:36:07,435 INFO spawned: 'laravel' with pid 166
2024-07-15 10:36:08,465 INFO success: laravel entered RUNNING state, process has stayed up for > than 1 seconds (startsecs)
2024-07-15 10:36:08,466 WARN exited: laravel (exit status 255; not expected)
2024-07-15 10:36:09,471 INFO spawned: 'laravel' with pid 167
2024-07-15 10:36:10,498 INFO success: laravel entered RUNNING state, process has stayed up for > than 1 seconds (startsecs)
2024-07-15 10:36:10,500 WARN exited: laravel (exit status 255; not expected)
2024-07-15 10:36:11,505 INFO spawned: 'laravel' with pid 168
2024-07-15 10:36:11,529 WARN exited: laravel (exit status 255; not expected)
2024-07-15 10:36:12,532 INFO spawned: 'laravel' with pid 169
2024-07-15 10:36:13,558 INFO success: laravel entered RUNNING state, process has stayed up for > than 1 seconds (startsecs)
2024-07-15 10:36:13,559 WARN exited: laravel (exit status 255; not expected)
2024-07-15 10:36:14,565 INFO spawned: 'laravel' with pid 170
2024-07-15 10:36:15,593 INFO success: laravel entered RUNNING state, process has stayed up for > than 1 seconds (startsecs)
2024-07-15 10:36:15,593 WARN exited: laravel (exit status 255; not expected)
2024-07-15 10:36:16,598 INFO spawned: 'laravel' with pid 171
2024-07-15 10:36:17,627 INFO success: laravel entered RUNNING state, process has stayed up for > than 1 seconds (startsecs)
2024-07-15 10:36:17,629 WARN exited: laravel (exit status 255; not expected)
2024-07-15 10:36:18,633 INFO spawned: 'laravel' with pid 172
2024-07-15 10:36:19,680 INFO success: laravel entered RUNNING state, process has stayed up for > than 1 seconds (startsecs)
2024-07-15 10:36:19,682 WARN exited: laravel (exit status 255; not expected)
2024-07-15 10:36:20,687 INFO spawned: 'laravel' with pid 173
2024-07-15 10:36:21,716 INFO success: laravel entered RUNNING state, process has stayed up for > than 1 seconds (startsecs)
2024-07-15 10:36:21,717 WARN exited: laravel (exit status 255; not expected)
2024-07-15 10:36:22,722 INFO spawned: 'laravel' with pid 174
2024-07-15 10:36:23,749 INFO success: laravel entered RUNNING state, process has stayed up for > than 1 seconds (startsecs)
2024-07-15 10:36:23,750 WARN exited: laravel (exit status 255; not expected)
2024-07-15 10:36:24,754 INFO spawned: 'laravel' with pid 175
2024-07-15 10:36:25,788 INFO success: laravel entered RUNNING state, process has stayed up for > than 1 seconds (startsecs)
2024-07-15 10:36:25,789 WARN exited: laravel (exit status 255; not expected)
2024-07-15 10:36:26,794 INFO spawned: 'laravel' with pid 176
2024-07-15 10:36:27,825 INFO success: laravel entered RUNNING state, process has stayed up for > than 1 seconds (startsecs)
2024-07-15 10:36:27,825 WARN exited: laravel (exit status 255; not expected)
2024-07-15 10:36:28,831 INFO spawned: 'laravel' with pid 177
2024-07-15 10:36:29,868 INFO success: laravel entered RUNNING state, process has stayed up for > than 1 seconds (startsecs)
2024-07-15 10:36:29,869 WARN exited: laravel (exit status 255; not expected)
2024-07-15 10:36:30,875 INFO spawned: 'laravel' with pid 178
2024-07-15 10:36:31,908 INFO success: laravel entered RUNNING state, process has stayed up for > than 1 seconds (startsecs)
2024-07-15 10:36:31,909 WARN exited: laravel (exit status 255; not expected)
2024-07-15 10:36:32,916 INFO spawned: 'laravel' with pid 179
2024-07-15 10:36:33,945 INFO success: laravel entered RUNNING state, process has stayed up for > than 1 seconds (startsecs)
2024-07-15 10:36:33,947 WARN exited: laravel (exit status 255; not expected)
2024-07-15 10:36:34,953 INFO spawned: 'laravel' with pid 180
2024-07-15 10:36:35,982 INFO success: laravel entered RUNNING state, process has stayed up for > than 1 seconds (startsecs)
2024-07-15 10:36:35,983 WARN exited: laravel (exit status 255; not expected)
2024-07-15 10:36:36,988 INFO spawned: 'laravel' with pid 181
2024-07-15 10:36:37,017 WARN exited: laravel (exit status 255; not expected)
2024-07-15 10:36:38,022 INFO spawned: 'laravel' with pid 182
2024-07-15 10:36:39,049 INFO success: laravel entered RUNNING state, process has stayed up for > than 1 seconds (startsecs)
2024-07-15 10:36:39,050 WARN exited: laravel (exit status 255; not expected)
2024-07-15 10:36:40,056 INFO spawned: 'laravel' with pid 183
2024-07-15 10:36:41,079 INFO success: laravel entered RUNNING state, process has stayed up for > than 1 seconds (startsecs)
2024-07-15 10:36:41,080 WARN exited: laravel (exit status 255; not expected)
2024-07-15 10:36:42,085 INFO spawned: 'laravel' with pid 184
2024-07-15 10:36:42,115 WARN exited: laravel (exit status 255; not expected)
2024-07-15 10:36:43,119 INFO spawned: 'laravel' with pid 185
2024-07-15 10:36:44,146 INFO success: laravel entered RUNNING state, process has stayed up for > than 1 seconds (startsecs)
2024-07-15 10:36:44,146 WARN exited: laravel (exit status 255; not expected)
2024-07-15 10:36:45,151 INFO spawned: 'laravel' with pid 186
2024-07-15 10:36:46,180 INFO success: laravel entered RUNNING state, process has stayed up for > than 1 seconds (startsecs)
2024-07-15 10:36:46,181 WARN exited: laravel (exit status 255; not expected)
2024-07-15 10:36:47,187 INFO spawned: 'laravel' with pid 187
2024-07-15 10:36:47,216 WARN exited: laravel (exit status 255; not expected)
2024-07-15 10:36:48,221 INFO spawned: 'laravel' with pid 188
2024-07-15 10:36:49,239 INFO success: laravel entered RUNNING state, process has stayed up for > than 1 seconds (startsecs)
2024-07-15 10:36:49,240 WARN exited: laravel (exit status 255; not expected)
2024-07-15 10:36:50,246 INFO spawned: 'laravel' with pid 189
2024-07-15 10:36:51,276 INFO success: laravel entered RUNNING state, process has stayed up for > than 1 seconds (startsecs)
2024-07-15 10:36:51,277 WARN exited: laravel (exit status 255; not expected)
2024-07-15 10:36:52,284 INFO spawned: 'laravel' with pid 190
2024-07-15 10:36:53,314 INFO success: laravel entered RUNNING state, process has stayed up for > than 1 seconds (startsecs)
2024-07-15 10:36:53,316 WARN exited: laravel (exit status 255; not expected)
2024-07-15 10:36:54,322 INFO spawned: 'laravel' with pid 191
2024-07-15 10:36:55,352 INFO success: laravel entered RUNNING state, process has stayed up for > than 1 seconds (startsecs)
2024-07-15 10:36:55,353 WARN exited: laravel (exit status 255; not expected)
2024-07-15 10:36:56,359 INFO spawned: 'laravel' with pid 192
2024-07-15 10:36:56,389 WARN exited: laravel (exit status 255; not expected)
2024-07-15 10:36:57,393 INFO spawned: 'laravel' with pid 193
2024-07-15 10:36:58,416 INFO success: laravel entered RUNNING state, process has stayed up for > than 1 seconds (startsecs)
2024-07-15 10:36:58,417 WARN exited: laravel (exit status 255; not expected)
2024-07-15 10:36:59,423 INFO spawned: 'laravel' with pid 194
2024-07-15 10:37:00,451 INFO success: laravel entered RUNNING state, process has stayed up for > than 1 seconds (startsecs)
2024-07-15 10:37:00,451 WARN exited: laravel (exit status 255; not expected)
2024-07-15 10:37:01,456 INFO spawned: 'laravel' with pid 195
2024-07-15 10:37:02,487 INFO success: laravel entered RUNNING state, process has stayed up for > than 1 seconds (startsecs)
2024-07-15 10:37:02,489 WARN exited: laravel (exit status 255; not expected)
2024-07-15 10:37:03,495 INFO spawned: 'laravel' with pid 196
2024-07-15 10:37:04,527 INFO success: laravel entered RUNNING state, process has stayed up for > than 1 seconds (startsecs)
2024-07-15 10:37:04,529 WARN exited: laravel (exit status 255; not expected)
2024-07-15 10:37:05,536 INFO spawned: 'laravel' with pid 197
2024-07-15 10:37:06,566 INFO success: laravel entered RUNNING state, process has stayed up for > than 1 seconds (startsecs)
2024-07-15 10:37:06,567 WARN exited: laravel (exit status 255; not expected)
2024-07-15 10:37:07,575 INFO spawned: 'laravel' with pid 198
2024-07-15 10:37:08,606 INFO success: laravel entered RUNNING state, process has stayed up for > than 1 seconds (startsecs)
2024-07-15 10:37:08,607 WARN exited: laravel (exit status 255; not expected)
2024-07-15 10:37:09,611 INFO spawned: 'laravel' with pid 199
2024-07-15 10:37:10,636 INFO success: laravel entered RUNNING state, process has stayed up for > than 1 seconds (startsecs)
2024-07-15 10:37:10,637 WARN exited: laravel (exit status 255; not expected)
2024-07-15 10:37:11,644 INFO spawned: 'laravel' with pid 200
2024-07-15 10:37:12,673 INFO success: laravel entered RUNNING state, process has stayed up for > than 1 seconds (startsecs)
2024-07-15 10:37:12,674 WARN exited: laravel (exit status 255; not expected)
2024-07-15 10:37:13,680 INFO spawned: 'laravel' with pid 201
2024-07-15 10:37:13,709 WARN exited: laravel (exit status 255; not expected)
2024-07-15 10:37:14,717 INFO spawned: 'laravel' with pid 202
2024-07-15 10:37:15,748 INFO success: laravel entered RUNNING state, process has stayed up for > than 1 seconds (startsecs)
2024-07-15 10:37:15,749 WARN exited: laravel (exit status 255; not expected)
2024-07-15 10:37:16,756 INFO spawned: 'laravel' with pid 203
2024-07-15 10:37:17,785 INFO success: laravel entered RUNNING state, process has stayed up for > than 1 seconds (startsecs)
2024-07-15 10:37:17,786 WARN exited: laravel (exit status 255; not expected)
2024-07-15 10:37:18,793 INFO spawned: 'laravel' with pid 204
2024-07-15 10:37:19,820 INFO success: laravel entered RUNNING state, process has stayed up for > than 1 seconds (startsecs)
2024-07-15 10:37:19,821 WARN exited: laravel (exit status 255; not expected)
2024-07-15 10:37:20,826 INFO spawned: 'laravel' with pid 205
2024-07-15 10:37:21,854 INFO success: laravel entered RUNNING state, process has stayed up for > than 1 seconds (startsecs)
2024-07-15 10:37:21,855 WARN exited: laravel (exit status 255; not expected)
2024-07-15 10:37:22,861 INFO spawned: 'laravel' with pid 206
2024-07-15 10:37:22,890 WARN exited: laravel (exit status 255; not expected)
2024-07-15 10:37:23,896 INFO spawned: 'laravel' with pid 207
2024-07-15 10:37:24,926 INFO success: laravel entered RUNNING state, process has stayed up for > than 1 seconds (startsecs)
2024-07-15 10:37:24,927 WARN exited: laravel (exit status 255; not expected)
2024-07-15 10:37:25,933 INFO spawned: 'laravel' with pid 208
2024-07-15 10:37:26,963 INFO success: laravel entered RUNNING state, process has stayed up for > than 1 seconds (startsecs)
2024-07-15 10:37:26,964 WARN exited: laravel (exit status 255; not expected)
2024-07-15 10:37:27,970 INFO spawned: 'laravel' with pid 209
2024-07-15 10:37:29,000 INFO success: laravel entered RUNNING state, process has stayed up for > than 1 seconds (startsecs)
2024-07-15 10:37:29,002 WARN exited: laravel (exit status 255; not expected)
2024-07-15 10:37:30,008 INFO spawned: 'laravel' with pid 210
2024-07-15 10:37:31,037 INFO success: laravel entered RUNNING state, process has stayed up for > than 1 seconds (startsecs)
2024-07-15 10:37:31,038 WARN exited: laravel (exit status 255; not expected)
2024-07-15 10:37:32,049 INFO spawned: 'laravel' with pid 211
2024-07-15 10:37:32,082 WARN exited: laravel (exit status 255; not expected)
2024-07-15 10:37:33,088 INFO spawned: 'laravel' with pid 212
2024-07-15 10:37:33,116 WARN exited: laravel (exit status 255; not expected)
2024-07-15 10:37:35,125 INFO spawned: 'laravel' with pid 213
2024-07-15 10:37:36,157 INFO success: laravel entered RUNNING state, process has stayed up for > than 1 seconds (startsecs)
2024-07-15 10:37:36,158 WARN exited: laravel (exit status 255; not expected)
2024-07-15 10:37:37,163 INFO spawned: 'laravel' with pid 214
2024-07-15 10:37:37,188 WARN exited: laravel (exit status 255; not expected)
2024-07-15 10:37:38,192 INFO spawned: 'laravel' with pid 215
2024-07-15 10:37:39,216 INFO success: laravel entered RUNNING state, process has stayed up for > than 1 seconds (startsecs)
2024-07-15 10:37:39,217 WARN exited: laravel (exit status 255; not expected)
2024-07-15 10:37:40,223 INFO spawned: 'laravel' with pid 216
2024-07-15 10:37:41,248 INFO success: laravel entered RUNNING state, process has stayed up for > than 1 seconds (startsecs)
2024-07-15 10:37:41,249 WARN exited: laravel (exit status 255; not expected)
2024-07-15 10:37:42,256 INFO spawned: 'laravel' with pid 217
2024-07-15 10:37:43,279 INFO success: laravel entered RUNNING state, process has stayed up for > than 1 seconds (startsecs)
2024-07-15 10:37:43,281 WARN exited: laravel (exit status 255; not expected)
2024-07-15 10:37:44,290 INFO spawned: 'laravel' with pid 218
2024-07-15 10:37:45,312 INFO success: laravel entered RUNNING state, process has stayed up for > than 1 seconds (startsecs)
2024-07-15 10:37:45,313 WARN exited: laravel (exit status 255; not expected)
2024-07-15 10:37:46,317 INFO spawned: 'laravel' with pid 219
2024-07-15 10:37:47,341 INFO success: laravel entered RUNNING state, process has stayed up for > than 1 seconds (startsecs)
2024-07-15 10:37:47,342 WARN exited: laravel (exit status 255; not expected)
2024-07-15 10:37:48,347 INFO spawned: 'laravel' with pid 220
2024-07-15 10:37:49,372 INFO success: laravel entered RUNNING state, process has stayed up for > than 1 seconds (startsecs)
2024-07-15 10:37:49,372 WARN exited: laravel (exit status 255; not expected)
2024-07-15 10:37:50,376 INFO spawned: 'laravel' with pid 221
2024-07-15 10:37:51,399 INFO success: laravel entered RUNNING state, process has stayed up for > than 1 seconds (startsecs)
2024-07-15 10:37:51,400 WARN exited: laravel (exit status 255; not expected)
2024-07-15 10:37:52,405 INFO spawned: 'laravel' with pid 222
2024-07-15 10:37:52,426 WARN exited: laravel (exit status 255; not expected)
2024-07-15 10:37:53,431 INFO spawned: 'laravel' with pid 223
2024-07-15 10:37:54,455 INFO success: laravel entered RUNNING state, process has stayed up for > than 1 seconds (startsecs)
2024-07-15 10:37:54,456 WARN exited: laravel (exit status 255; not expected)
2024-07-15 10:37:55,461 INFO spawned: 'laravel' with pid 224
2024-07-15 10:37:55,501 WARN exited: laravel (exit status 255; not expected)
2024-07-15 10:37:56,506 INFO spawned: 'laravel' with pid 225
2024-07-15 10:37:56,526 WARN exited: laravel (exit status 255; not expected)
2024-07-15 10:37:58,536 INFO spawned: 'laravel' with pid 226
2024-07-15 10:37:59,561 INFO success: laravel entered RUNNING state, process has stayed up for > than 1 seconds (startsecs)
2024-07-15 10:37:59,562 WARN exited: laravel (exit status 255; not expected)
2024-07-15 10:38:00,569 INFO spawned: 'laravel' with pid 227
2024-07-15 10:38:01,593 INFO success: laravel entered RUNNING state, process has stayed up for > than 1 seconds (startsecs)
2024-07-15 10:38:01,594 WARN exited: laravel (exit status 255; not expected)
2024-07-15 10:38:02,598 INFO spawned: 'laravel' with pid 228
2024-07-15 10:38:02,618 WARN exited: laravel (exit status 255; not expected)
2024-07-15 10:38:03,622 INFO spawned: 'laravel' with pid 229
2024-07-15 10:38:04,648 INFO success: laravel entered RUNNING state, process has stayed up for > than 1 seconds (startsecs)
2024-07-15 10:38:04,649 WARN exited: laravel (exit status 255; not expected)
2024-07-15 10:38:05,653 INFO spawned: 'laravel' with pid 230
2024-07-15 10:38:05,675 WARN exited: laravel (exit status 255; not expected)
2024-07-15 10:38:06,678 INFO spawned: 'laravel' with pid 231
2024-07-15 10:38:06,696 WARN exited: laravel (exit status 255; not expected)
2024-07-15 10:38:08,702 INFO spawned: 'laravel' with pid 232
2024-07-15 10:38:08,728 WARN exited: laravel (exit status 255; not expected)
2024-07-15 10:38:11,738 INFO spawned: 'laravel' with pid 233
2024-07-15 10:38:11,765 WARN exited: laravel (exit status 255; not expected)
2024-07-15 10:38:12,768 INFO gave up: laravel entered FATAL state, too many start retries too quickly
2024-07-15 10:40:12,051 WARN received SIGQUIT indicating exit request
2024-07-15 10:40:12,055 INFO waiting for nginx, php-fpm to die
2024-07-15 10:40:13,081 INFO stopped: php-fpm (exit status 0)
2024-07-15 10:40:13,088 INFO stopped: nginx (exit status 0)
2024-07-15 10:47:13,423 CRIT Supervisor is running as root.  Privileges were not dropped because no user is specified in the config file.  If you intend to run as root, you can set user=root in the config file to avoid this message.
2024-07-15 10:47:13,426 INFO supervisord started with pid 1
2024-07-15 10:47:14,427 INFO spawned: 'nginx' with pid 7
2024-07-15 10:47:14,428 INFO spawned: 'php-fpm' with pid 8
2024-07-15 10:47:14,436 WARN exited: nginx (exit status 1; not expected)
2024-07-15 10:47:15,468 INFO spawned: 'nginx' with pid 11
2024-07-15 10:47:15,468 INFO success: php-fpm entered RUNNING state, process has stayed up for > than 1 seconds (startsecs)
2024-07-15 10:47:15,473 WARN exited: nginx (exit status 1; not expected)
2024-07-15 10:47:17,476 INFO spawned: 'nginx' with pid 12
2024-07-15 10:47:17,481 WARN exited: nginx (exit status 1; not expected)
2024-07-15 10:47:20,490 INFO spawned: 'nginx' with pid 13
2024-07-15 10:47:20,498 WARN exited: nginx (exit status 1; not expected)
2024-07-15 10:47:21,501 INFO gave up: nginx entered FATAL state, too many start retries too quickly
2024-07-15 10:53:02,242 WARN received SIGQUIT indicating exit request
2024-07-15 10:53:02,244 INFO waiting for php-fpm to die
2024-07-15 10:53:03,258 INFO stopped: php-fpm (exit status 0)
2024-07-15 10:59:15,207 CRIT Supervisor is running as root.  Privileges were not dropped because no user is specified in the config file.  If you intend to run as root, you can set user=root in the config file to avoid this message.
2024-07-15 10:59:15,210 INFO supervisord started with pid 1
2024-07-15 10:59:16,214 INFO spawned: 'nginx' with pid 7
2024-07-15 10:59:16,216 INFO spawned: 'php-fpm' with pid 8
2024-07-15 10:59:16,223 WARN exited: nginx (exit status 1; not expected)
2024-07-15 10:59:17,246 INFO spawned: 'nginx' with pid 11
2024-07-15 10:59:17,248 INFO success: php-fpm entered RUNNING state, process has stayed up for > than 1 seconds (startsecs)
2024-07-15 10:59:17,254 WARN exited: nginx (exit status 1; not expected)
2024-07-15 10:59:19,258 INFO spawned: 'nginx' with pid 12
2024-07-15 10:59:19,266 WARN exited: nginx (exit status 1; not expected)
2024-07-15 10:59:22,273 INFO spawned: 'nginx' with pid 13
2024-07-15 10:59:22,279 WARN exited: nginx (exit status 1; not expected)
2024-07-15 10:59:23,281 INFO gave up: nginx entered FATAL state, too many start retries too quickly
2024-07-15 11:13:26,838 WARN received SIGQUIT indicating exit request
2024-07-15 11:13:26,841 INFO waiting for php-fpm to die
2024-07-15 11:13:27,877 INFO stopped: php-fpm (exit status 0)
2024-07-15 11:13:31,367 CRIT Supervisor is running as root.  Privileges were not dropped because no user is specified in the config file.  If you intend to run as root, you can set user=root in the config file to avoid this message.
2024-07-15 11:13:31,370 INFO supervisord started with pid 1
2024-07-15 11:13:32,378 INFO spawned: 'nginx' with pid 7
2024-07-15 11:13:32,383 INFO spawned: 'php-fpm' with pid 8
2024-07-15 11:13:32,399 WARN exited: nginx (exit status 1; not expected)
2024-07-15 11:13:33,436 INFO spawned: 'nginx' with pid 11
2024-07-15 11:13:33,442 INFO success: php-fpm entered RUNNING state, process has stayed up for > than 1 seconds (startsecs)
2024-07-15 11:13:33,452 WARN exited: nginx (exit status 1; not expected)
2024-07-15 11:13:35,460 INFO spawned: 'nginx' with pid 12
2024-07-15 11:13:35,476 WARN exited: nginx (exit status 1; not expected)
2024-07-15 11:13:38,486 INFO spawned: 'nginx' with pid 13
2024-07-15 11:13:39,503 INFO success: nginx entered RUNNING state, process has stayed up for > than 1 seconds (startsecs)
2024-07-15 11:13:39,504 WARN exited: nginx (exit status 1; not expected)
2024-07-15 11:13:40,510 INFO spawned: 'nginx' with pid 14
2024-07-15 11:13:41,530 INFO success: nginx entered RUNNING state, process has stayed up for > than 1 seconds (startsecs)
2024-07-15 11:13:41,532 WARN exited: nginx (exit status 1; not expected)
2024-07-15 11:13:42,538 INFO spawned: 'nginx' with pid 15
2024-07-15 11:13:42,553 WARN exited: nginx (exit status 1; not expected)
2024-07-15 11:13:43,559 INFO spawned: 'nginx' with pid 16
2024-07-15 11:13:43,573 WARN exited: nginx (exit status 1; not expected)
2024-07-15 11:13:45,583 INFO spawned: 'nginx' with pid 17
2024-07-15 11:13:46,600 INFO success: nginx entered RUNNING state, process has stayed up for > than 1 seconds (startsecs)
2024-07-15 11:13:46,601 WARN exited: nginx (exit status 1; not expected)
2024-07-15 11:13:47,606 INFO spawned: 'nginx' with pid 18
2024-07-15 11:13:47,622 WARN exited: nginx (exit status 1; not expected)
2024-07-15 11:13:48,632 INFO spawned: 'nginx' with pid 19
2024-07-15 11:13:48,647 WARN exited: nginx (exit status 1; not expected)
2024-07-15 11:13:50,652 INFO spawned: 'nginx' with pid 20
2024-07-15 11:13:51,670 INFO success: nginx entered RUNNING state, process has stayed up for > than 1 seconds (startsecs)
2024-07-15 11:13:51,671 WARN exited: nginx (exit status 1; not expected)
2024-07-15 11:13:52,677 INFO spawned: 'nginx' with pid 21
2024-07-15 11:13:52,693 WARN exited: nginx (exit status 1; not expected)
2024-07-15 11:13:53,697 INFO spawned: 'nginx' with pid 22
2024-07-15 11:13:53,715 WARN exited: nginx (exit status 1; not expected)
2024-07-15 11:13:55,722 INFO spawned: 'nginx' with pid 23
2024-07-15 11:13:55,737 WARN exited: nginx (exit status 1; not expected)
2024-07-15 11:13:58,749 INFO spawned: 'nginx' with pid 24
2024-07-15 11:13:59,763 INFO success: nginx entered RUNNING state, process has stayed up for > than 1 seconds (startsecs)
2024-07-15 11:13:59,763 WARN exited: nginx (exit status 1; not expected)
2024-07-15 11:14:00,771 INFO spawned: 'nginx' with pid 25
2024-07-15 11:14:00,785 WARN exited: nginx (exit status 1; not expected)
2024-07-15 11:14:01,792 INFO spawned: 'nginx' with pid 26
2024-07-15 11:14:01,808 WARN exited: nginx (exit status 1; not expected)
2024-07-15 11:14:03,817 INFO spawned: 'nginx' with pid 27
2024-07-15 11:14:03,833 WARN exited: nginx (exit status 1; not expected)
2024-07-15 11:14:06,846 INFO spawned: 'nginx' with pid 28
2024-07-15 11:14:07,916 INFO success: nginx entered RUNNING state, process has stayed up for > than 1 seconds (startsecs)
2024-07-15 11:14:07,918 WARN exited: nginx (exit status 1; not expected)
2024-07-15 11:14:08,927 INFO spawned: 'nginx' with pid 29
2024-07-15 11:14:08,944 WARN exited: nginx (exit status 1; not expected)
2024-07-15 11:14:09,954 INFO spawned: 'nginx' with pid 30
2024-07-15 11:14:10,970 INFO success: nginx entered RUNNING state, process has stayed up for > than 1 seconds (startsecs)
2024-07-15 11:14:10,971 WARN exited: nginx (exit status 1; not expected)
2024-07-15 11:14:11,978 INFO spawned: 'nginx' with pid 31
2024-07-15 11:14:12,995 INFO success: nginx entered RUNNING state, process has stayed up for > than 1 seconds (startsecs)
2024-07-15 11:14:12,996 WARN exited: nginx (exit status 1; not expected)
2024-07-15 11:14:14,002 INFO spawned: 'nginx' with pid 32
2024-07-15 11:14:14,017 WARN exited: nginx (exit status 1; not expected)
2024-07-15 11:14:15,021 INFO spawned: 'nginx' with pid 33
2024-07-15 11:14:15,036 WARN exited: nginx (exit status 1; not expected)
2024-07-15 11:14:17,047 INFO spawned: 'nginx' with pid 34
2024-07-15 11:14:17,064 WARN exited: nginx (exit status 1; not expected)
2024-07-15 11:14:20,077 INFO spawned: 'nginx' with pid 35
2024-07-15 11:14:20,093 WARN exited: nginx (exit status 1; not expected)
2024-07-15 11:14:20,094 INFO gave up: nginx entered FATAL state, too many start retries too quickly
2024-07-15 11:18:32,701 INFO reaped unknown pid 46 (exit status 0)
2024-07-15 11:26:41,901 WARN received SIGQUIT indicating exit request
2024-07-15 11:26:41,907 INFO waiting for php-fpm to die
2024-07-15 11:26:42,937 INFO stopped: php-fpm (exit status 0)
2024-07-15 11:34:57,278 CRIT Supervisor is running as root.  Privileges were not dropped because no user is specified in the config file.  If you intend to run as root, you can set user=root in the config file to avoid this message.
2024-07-15 11:34:57,280 INFO supervisord started with pid 1
2024-07-15 11:34:58,283 INFO spawned: 'nginx' with pid 7
2024-07-15 11:34:58,284 INFO spawned: 'php-fpm' with pid 8
2024-07-15 11:34:59,316 INFO success: nginx entered RUNNING state, process has stayed up for > than 1 seconds (startsecs)
2024-07-15 11:34:59,316 INFO success: php-fpm entered RUNNING state, process has stayed up for > than 1 seconds (startsecs)
2024-07-15 11:36:08,480 WARN received SIGQUIT indicating exit request
2024-07-15 11:36:08,484 INFO waiting for nginx, php-fpm to die
2024-07-15 11:36:09,515 INFO stopped: php-fpm (exit status 0)
2024-07-15 11:36:09,528 INFO stopped: nginx (exit status 0)
2024-07-15 11:36:11,755 CRIT Supervisor is running as root.  Privileges were not dropped because no user is specified in the config file.  If you intend to run as root, you can set user=root in the config file to avoid this message.
2024-07-15 11:36:11,758 INFO supervisord started with pid 1
2024-07-15 11:36:12,765 INFO spawned: 'nginx' with pid 7
2024-07-15 11:36:12,770 INFO spawned: 'php-fpm' with pid 8
2024-07-15 11:36:13,819 INFO success: nginx entered RUNNING state, process has stayed up for > than 1 seconds (startsecs)
2024-07-15 11:36:13,820 INFO success: php-fpm entered RUNNING state, process has stayed up for > than 1 seconds (startsecs)
2024-07-15 12:36:49,516 WARN received SIGQUIT indicating exit request
2024-07-15 12:36:49,518 INFO waiting for nginx, php-fpm to die
2024-07-15 12:36:50,536 INFO stopped: php-fpm (exit status 0)
2024-07-15 12:36:51,545 INFO stopped: nginx (exit status 0)
